2020-08-29 23:55:03,849 - ERROR - rsa_algo - -----BEGIN PUBLIC KEY-----
MIICIjANBgkqhkiG9w0BAQEFAAOCAg8AMIICCgKCAgEAztCXWDiMHs7h9uf+H/ih
10aZAcO1hSWEJGpMFclUlU0U/X00igQhooKIbGbhv7xfkkJtLHPcT5Aahlt7VwsW
eke6Gf8qqDroXZZFZs7WLrsVTZCAepEueyy8SbQWw1FR6WDnAjJDXZ5gn07X9IL0
D+5oFL0ZpV4FTcUDbAmgFoLf1Mtrhtl1jT7ddnsinWCOHx+xzDyMr9fM9g2hKycM
ToauVf5mAkmq3WVHMkfrf58bioMD5oS3WKzAvbtddKSoKacvNJdu/ydS+Rn/GAiB
+1OrlcOmu4Ck5zmetPFFP9JOw8p/qC6Evpa9TRGHxeOcmG/tnYJE4vEvLLiIDNjg
vLmF7cQCejDfaHcwtj4DAWcFofhnC2ChlXXLC0y1EDeLL+v/RWqJCOpwsc4FTJiq
2GdZQx8hH4wbckgkeJB0SXR9FU+GkjrwfEPU7eNv4K2546x2WM/UN3CQnFaTMPX/
Q038pGYrCZXUYrSUivXf3OI7phH0c3Ufh/Ldy4n/ygNKQ1jJ07fUQClEhmcmDJvu
ElozaOdKxSm/UgOZuyejHL8DvlVWZWQ/2y8b+udvax+GWLvt3odAq9KdygEp5gkr
G+eQ3PK9BvtAx/3tiN7gGzGw3TcXf32oDhlm7gJbPMj2SYKa7DFrOh4BDGRrK64B
6sLC9WCzL3SHBr5x3I9OqW8CAwEAAQ==
-----END PUBLIC KEY-----
2020-08-29 23:55:38,713 - ERROR - rsa_algo - -----BEGIN PUBLIC KEY-----
MIICIjANBgkqhkiG9w0BAQEFAAOCAg8AMIICCgKCAgEAztCXWDiMHs7h9uf+H/ih
10aZAcO1hSWEJGpMFclUlU0U/X00igQhooKIbGbhv7xfkkJtLHPcT5Aahlt7VwsW
eke6Gf8qqDroXZZFZs7WLrsVTZCAepEueyy8SbQWw1FR6WDnAjJDXZ5gn07X9IL0
D+5oFL0ZpV4FTcUDbAmgFoLf1Mtrhtl1jT7ddnsinWCOHx+xzDyMr9fM9g2hKycM
ToauVf5mAkmq3WVHMkfrf58bioMD5oS3WKzAvbtddKSoKacvNJdu/ydS+Rn/GAiB
+1OrlcOmu4Ck5zmetPFFP9JOw8p/qC6Evpa9TRGHxeOcmG/tnYJE4vEvLLiIDNjg
vLmF7cQCejDfaHcwtj4DAWcFofhnC2ChlXXLC0y1EDeLL+v/RWqJCOpwsc4FTJiq
2GdZQx8hH4wbckgkeJB0SXR9FU+GkjrwfEPU7eNv4K2546x2WM/UN3CQnFaTMPX/
Q038pGYrCZXUYrSUivXf3OI7phH0c3Ufh/Ldy4n/ygNKQ1jJ07fUQClEhmcmDJvu
ElozaOdKxSm/UgOZuyejHL8DvlVWZWQ/2y8b+udvax+GWLvt3odAq9KdygEp5gkr
G+eQ3PK9BvtAx/3tiN7gGzGw3TcXf32oDhlm7gJbPMj2SYKa7DFrOh4BDGRrK64B
6sLC9WCzL3SHBr5x3I9OqW8CAwEAAQ==
-----END PUBLIC KEY-----
